<!DOCTYPE html>


<!--
 | Generated by Apache Maven Doxia Site Renderer 2.0.0-M18 from org.apache.maven.plugins:maven-surefire-report-plugin:3.2.5:report at 2024-06-29
 | Rendered using Apache Maven Fluido Skin 2.0.0-M8
-->
<html xmlns="http://www.w3.org/1999/xhtml" lang="en">
  <head>
    <meta charset="UTF-8" />
    <meta name="viewport" content="width=device-width, initial-scale=1" />
    <meta name="generator" content="Apache Maven Doxia Site Renderer 2.0.0-M18" />
    <title>TechBD Hub (Prime) â€“ Surefire Report</title>
    <link rel="stylesheet" href="./css/apache-maven-fluido-2.0.0-M8.min.css" />
    <link rel="stylesheet" href="./css/site.css" />
    <link rel="stylesheet" href="./css/print.css" media="print" />
    <script src="./js/apache-maven-fluido-2.0.0-M8.min.js"></script>
  </head>
  <body>
    <div class="container-fluid container-fluid-top">
      <header>
        <div id="banner">
          <div class="pull-left"><div id="bannerLeft"><h1>TechBD Hub (Prime)</h1></div></div>
          <div class="pull-right"></div>
          <div class="clear"><hr/></div>
        </div>

        <div id="breadcrumbs">
          <ul class="breadcrumb">
        <li id="publishDate">Last Published: 2024-06-29<span class="divider">|</span>
</li>
          <li id="projectVersion">Version: 0.91.0</li>
        <li class="pull-right"><a href="./">TechBD Hub (Prime)</a></li>
          </ul>
        </div>
      </header>
      <div class="row-fluid">
        <header id="leftColumn" class="span2">
          <nav class="well sidebar-nav">
  <ul class="nav nav-list">
   <li class="nav-header">Project Documentation</li>
    <li><a href="project-info.html"><span class="icon-chevron-right"></span>Project Information</a></li>
    <li><a href="project-reports.html"><span class="icon-chevron-down"></span>Project Reports</a>
     <ul class="nav nav-list">
      <li class="active"><a>Surefire</a></li>
      <li><a href="checkstyle.html">Checkstyle</a></li>
      <li><a href="cpd.html">CPD</a></li>
      <li><a href="pmd.html">PMD</a></li>
      <li><a href="spotbugs.html">SpotBugs</a></li>
      <li><a href="apidocs/index.html">Javadoc</a></li>
      <li><a href="testapidocs/index.html">Test Javadoc</a></li>
     </ul></li>
  </ul>
          </nav>
          <div class="well sidebar-nav">
            <div id="poweredBy">
              <div class="clear"></div>
              <div class="clear"></div>
              <div class="clear"></div>
<a href="https://maven.apache.org/" class="builtBy" target="_blank"><img class="builtBy" alt="Built by Maven" src="./images/logos/maven-feather.png" /></a>
            </div>
          </div>
        </header>
        <main id="bodyColumn" class="span10">
<script type="text/javascript">
function toggleDisplay(elementId) {
 var elm = document.getElementById(elementId + '-error');
 if (elm == null) {
  elm = document.getElementById(elementId + '-failure');
 }
 if (elm && typeof elm.style != "undefined") {
  if (elm.style.display == "none") {
   elm.style.display = "";
   document.getElementById(elementId + '-off').style.display = "none";
   document.getElementById(elementId + '-on').style.display = "inline";
  } else if (elm.style.display == "") {   elm.style.display = "none";
   document.getElementById(elementId + '-off').style.display = "inline";
   document.getElementById(elementId + '-on').style.display = "none";
  }
 }
 }</script><section>
<h1>Surefire Report</h1></section><section><a id="Summary"></a>
<h1>Summary</h1>
<p>[<a href="#Summary">Summary</a>] [<a href="#Package_List">Package List</a>] [<a href="#Test_Cases">Test Cases</a>]</p><br />
<table class="table table-striped">
<tr class="a">
<th>Tests</th>
<th>Errors</th>
<th>Failures</th>
<th>Skipped</th>
<th>Success Rate</th>
<th>Time</th></tr>
<tr class="b">
<td style="text-align: left;">49</td>
<td>3</td>
<td>0</td>
<td>0</td>
<td>93.9%</td>
<td>12.99 s</td></tr></table><br />
<p>Note: failures are anticipated and checked for with assertions while errors are unanticipated.</p><br /></section><section><a id="Package_List"></a>
<h1>Package List</h1>
<p>[<a href="#Summary">Summary</a>] [<a href="#Package_List">Package List</a>] [<a href="#Test_Cases">Test Cases</a>]</p><br />
<table class="table table-striped">
<tr class="a">
<th>Package</th>
<th>Tests</th>
<th>Errors</th>
<th>Failures</th>
<th>Skipped</th>
<th>Success Rate</th>
<th>Time</th></tr>
<tr class="b">
<td style="text-align: left;"><a href="#org.techbd.util">org.techbd.util</a></td>
<td>17</td>
<td>0</td>
<td>0</td>
<td>0</td>
<td>100%</td>
<td>0.245 s</td></tr>
<tr class="a">
<td style="text-align: left;"><a href="#lib.aide.vfs">lib.aide.vfs</a></td>
<td>1</td>
<td>0</td>
<td>0</td>
<td>0</td>
<td>100%</td>
<td>0.207 s</td></tr>
<tr class="b">
<td style="text-align: left;"><a href="#org.techbd.orchestrate.fhir">org.techbd.orchestrate.fhir</a></td>
<td>3</td>
<td>0</td>
<td>0</td>
<td>0</td>
<td>100%</td>
<td>10.12 s</td></tr>
<tr class="a">
<td style="text-align: left;"><a href="#lib.aide.resource">lib.aide.resource</a></td>
<td>7</td>
<td>0</td>
<td>0</td>
<td>0</td>
<td>100%</td>
<td>0.376 s</td></tr>
<tr class="b">
<td style="text-align: left;"><a href="#org.techbd.service.http.hub.prime">org.techbd.service.http.hub.prime</a></td>
<td>3</td>
<td>3</td>
<td>0</td>
<td>0</td>
<td>0%</td>
<td>1.859 s</td></tr>
<tr class="a">
<td style="text-align: left;"><a href="#lib.aide.paths">lib.aide.paths</a></td>
<td>18</td>
<td>0</td>
<td>0</td>
<td>0</td>
<td>100%</td>
<td>0.179 s</td></tr></table><br />
<p>Note: package statistics are not computed recursively, they only sum up all of its testsuites numbers.</p><section><a id="org.techbd.util"></a>
<h2>org.techbd.util</h2>
<table class="table table-striped">
<tr class="a">
<th>-</th>
<th>Class</th>
<th>Tests</th>
<th>Errors</th>
<th>Failures</th>
<th>Skipped</th>
<th>Success Rate</th>
<th>Time</th></tr>
<tr class="b">
<td style="text-align: left;"><a href="#org.techbd.util.ArtifactStoreTest"><img src="images/icon_success_sml.gif" /></a></td>
<td><a href="#org.techbd.util.ArtifactStoreTest">ArtifactStoreTest</a></td>
<td>4</td>
<td>0</td>
<td>0</td>
<td>0</td>
<td>100%</td>
<td>0.029 s</td></tr>
<tr class="a">
<td style="text-align: left;"><a href="#org.techbd.util.JsonTextTest"><img src="images/icon_success_sml.gif" /></a></td>
<td><a href="#org.techbd.util.JsonTextTest">JsonTextTest</a></td>
<td>11</td>
<td>0</td>
<td>0</td>
<td>0</td>
<td>100%</td>
<td>0.201 s</td></tr>
<tr class="b">
<td style="text-align: left;"><a href="#org.techbd.util.InterpolateEngineTest"><img src="images/icon_success_sml.gif" /></a></td>
<td><a href="#org.techbd.util.InterpolateEngineTest">InterpolateEngineTest</a></td>
<td>2</td>
<td>0</td>
<td>0</td>
<td>0</td>
<td>100%</td>
<td>0.015 s</td></tr></table></section><section><a id="lib.aide.vfs"></a>
<h2>lib.aide.vfs</h2>
<table class="table table-striped">
<tr class="a">
<th>-</th>
<th>Class</th>
<th>Tests</th>
<th>Errors</th>
<th>Failures</th>
<th>Skipped</th>
<th>Success Rate</th>
<th>Time</th></tr>
<tr class="b">
<td style="text-align: left;"><a href="#lib.aide.vfs.VfsIngressConsumerTest"><img src="images/icon_success_sml.gif" /></a></td>
<td><a href="#lib.aide.vfs.VfsIngressConsumerTest">VfsIngressConsumerTest</a></td>
<td>1</td>
<td>0</td>
<td>0</td>
<td>0</td>
<td>100%</td>
<td>0.207 s</td></tr></table></section><section><a id="org.techbd.orchestrate.fhir"></a>
<h2>org.techbd.orchestrate.fhir</h2>
<table class="table table-striped">
<tr class="a">
<th>-</th>
<th>Class</th>
<th>Tests</th>
<th>Errors</th>
<th>Failures</th>
<th>Skipped</th>
<th>Success Rate</th>
<th>Time</th></tr>
<tr class="b">
<td style="text-align: left;"><a href="#org.techbd.orchestrate.fhir.OrchestrationEngineTest"><img src="images/icon_success_sml.gif" /></a></td>
<td><a href="#org.techbd.orchestrate.fhir.OrchestrationEngineTest">OrchestrationEngineTest</a></td>
<td>3</td>
<td>0</td>
<td>0</td>
<td>0</td>
<td>100%</td>
<td>10.12 s</td></tr></table></section><section><a id="lib.aide.resource"></a>
<h2>lib.aide.resource</h2>
<table class="table table-striped">
<tr class="a">
<th>-</th>
<th>Class</th>
<th>Tests</th>
<th>Errors</th>
<th>Failures</th>
<th>Skipped</th>
<th>Success Rate</th>
<th>Time</th></tr>
<tr class="b">
<td style="text-align: left;"><a href="#lib.aide.resource.MarkdownResourceTest"><img src="images/icon_success_sml.gif" /></a></td>
<td><a href="#lib.aide.resource.MarkdownResourceTest">MarkdownResourceTest</a></td>
<td>7</td>
<td>0</td>
<td>0</td>
<td>0</td>
<td>100%</td>
<td>0.376 s</td></tr></table></section><section><a id="org.techbd.service.http.hub.prime"></a>
<h2>org.techbd.service.http.hub.prime</h2>
<table class="table table-striped">
<tr class="a">
<th>-</th>
<th>Class</th>
<th>Tests</th>
<th>Errors</th>
<th>Failures</th>
<th>Skipped</th>
<th>Success Rate</th>
<th>Time</th></tr>
<tr class="b">
<td style="text-align: left;"><a href="#org.techbd.service.http.hub.prime.ApplicationTests"><img src="images/icon_error_sml.gif" /></a></td>
<td><a href="#org.techbd.service.http.hub.prime.ApplicationTests">ApplicationTests</a></td>
<td>3</td>
<td>3</td>
<td>0</td>
<td>0</td>
<td>0%</td>
<td>1.859 s</td></tr></table></section><section><a id="lib.aide.paths"></a>
<h2>lib.aide.paths</h2>
<table class="table table-striped">
<tr class="a">
<th>-</th>
<th>Class</th>
<th>Tests</th>
<th>Errors</th>
<th>Failures</th>
<th>Skipped</th>
<th>Success Rate</th>
<th>Time</th></tr>
<tr class="b">
<td style="text-align: left;"><a href="#lib.aide.paths.PathsTest"><img src="images/icon_success_sml.gif" /></a></td>
<td><a href="#lib.aide.paths.PathsTest">PathsTest</a></td>
<td>8</td>
<td>0</td>
<td>0</td>
<td>0</td>
<td>100%</td>
<td>0.144 s</td></tr>
<tr class="a">
<td style="text-align: left;"><a href="#lib.aide.paths.PathSuffixesTest"><img src="images/icon_success_sml.gif" /></a></td>
<td><a href="#lib.aide.paths.PathSuffixesTest">PathSuffixesTest</a></td>
<td>10</td>
<td>0</td>
<td>0</td>
<td>0</td>
<td>100%</td>
<td>0.035 s</td></tr></table></section><br /></section><section><a id="Test_Cases"></a>
<h1>Test Cases</h1>
<p>[<a href="#Summary">Summary</a>] [<a href="#Package_List">Package List</a>] [<a href="#Test_Cases">Test Cases</a>]</p><section><a id="org.techbd.service.http.hub.prime.ApplicationTests"></a>
<h2>ApplicationTests</h2>
<table class="table table-striped">
<tr class="a">
<td style="text-align: left;"><a href="#org.techbd.service.http.hub.prime.ApplicationTests.bundleValidateTestCase301WithMultiplEngines"><img src="images/icon_error_sml.gif" /></a></td>
<td><a id="TC_org.techbd.service.http.hub.prime.ApplicationTests.bundleValidateTestCase301WithMultiplEngines"></a><a href="#org.techbd.service.http.hub.prime.ApplicationTests.bundleValidateTestCase301WithMultiplEngines">bundleValidateTestCase301WithMultiplEngines</a>
<div class="detailToggle" style="display:inline"><a href="javascript:toggleDisplay('org.techbd.service.http.hub.prime.ApplicationTests.bundleValidateTestCase301WithMultiplEngines');"><span style="display:inline;" id="org.techbd.service.http.hub.prime.ApplicationTests.bundleValidateTestCase301WithMultiplEngines-off"> + </span><span style="display:none;" id="org.techbd.service.http.hub.prime.ApplicationTests.bundleValidateTestCase301WithMultiplEngines-on"> - </span>[ Detail ]</a></div></td>
<td>0.003 s</td></tr>
<tr class="b">
<td style="text-align: left;">-</td>
<td>Failed to resolve parameter [final org.techbd.service.http.hub.prime.AppConfig appConfig] in constructor [public org.techbd.service.http.hub.prime.ApplicationTests(org.techbd.service.http.hub.prime.AppConfig)]: Failed to load ApplicationContext for [WebMergedContextConfiguration@5efe5b25 testClass = org.techbd.service.http.hub.prime.ApplicationTests, locations = [], classes = [org.techbd.service.http.hub.prime.Application], contextInitializerClasses = [], activeProfiles = [], propertySourceDescriptors = [], propertySourceProperties = [&quot;org.springframework.boot.test.context.SpringBootTestContextBootstrapper=true&quot;, &quot;server.port=0&quot;], contextCustomizers = [org.springframework.boot.test.context.filter.ExcludeFilterContextCustomizer@4564e94b, org.springframework.boot.test.json.DuplicateJsonObjectContextCustomizerFactory$DuplicateJsonObjectContextCustomizer@69e308c6, org.springframework.boot.test.mock.mockito.MockitoContextCustomizer@0, org.springframework.boot.test.web.client.TestRestTemplateContextCustomizer@4cee7fa0, org.springframework.boot.test.web.reactive.server.WebTestClientContextCustomizer@73eb8672, org.springframework.boot.test.autoconfigure.actuate.observability.ObservabilityContextCustomizerFactory$DisableObservabilityContextCustomizer@1f, org.springframework.boot.test.autoconfigure.properties.PropertyMappingContextCustomizer@0, org.springframework.boot.test.autoconfigure.web.servlet.WebDriverContextCustomizer@2caf6912, org.springframework.boot.test.context.SpringBootTestAnnotation@b032529b], resourceBasePath = &quot;src/main/webapp&quot;, contextLoader = org.springframework.boot.test.context.SpringBootContextLoader, parent = null]</td>
<td>-</td></tr>
<tr id="org.techbd.service.http.hub.prime.ApplicationTests.bundleValidateTestCase301WithMultiplEngines-error" style="display:none;" class="a">
<td style="text-align: left;">-</td>
<td>
<pre>org.junit.jupiter.api.extension.ParameterResolutionException: Failed to resolve parameter [final org.techbd.service.http.hub.prime.AppConfig appConfig] in constructor [public org.techbd.service.http.hub.prime.ApplicationTests(org.techbd.service.http.hub.prime.AppConfig)]: Failed to load ApplicationContext for [WebMergedContextConfiguration@5efe5b25 testClass = org.techbd.service.http.hub.prime.ApplicationTests, locations = [], classes = [org.techbd.service.http.hub.prime.Application], contextInitializerClasses = [], activeProfiles = [], propertySourceDescriptors = [], propertySourceProperties = [&quot;org.springframework.boot.test.context.SpringBootTestContextBootstrapper=true&quot;, &quot;server.port=0&quot;], contextCustomizers = [org.springframework.boot.test.context.filter.ExcludeFilterContextCustomizer@4564e94b, org.springframework.boot.test.json.DuplicateJsonObjectContextCustomizerFactory$DuplicateJsonObjectContextCustomizer@69e308c6, org.springframework.boot.test.mock.mockito.MockitoContextCustomizer@0, org.springframework.boot.test.web.client.TestRestTemplateContextCustomizer@4cee7fa0, org.springframework.boot.test.web.reactive.server.WebTestClientContextCustomizer@73eb8672, org.springframework.boot.test.autoconfigure.actuate.observability.ObservabilityContextCustomizerFactory$DisableObservabilityContextCustomizer@1f, org.springframework.boot.test.autoconfigure.properties.PropertyMappingContextCustomizer@0, org.springframework.boot.test.autoconfigure.web.servlet.WebDriverContextCustomizer@2caf6912, org.springframework.boot.test.context.SpringBootTestAnnotation@b032529b], resourceBasePath = &quot;src/main/webapp&quot;, contextLoader = org.springframework.boot.test.context.SpringBootContextLoader, parent = null]
	at java.base/java.util.Optional.orElseGet(Optional.java:364)
	at java.base/java.util.ArrayList.forEach(ArrayList.java:1596)
	at java.base/java.util.ArrayList.forEach(ArrayList.java:1596)
Caused by: java.lang.IllegalStateException: Failed to load ApplicationContext for [WebMergedContextConfiguration@5efe5b25 testClass = org.techbd.service.http.hub.prime.ApplicationTests, locations = [], classes = [org.techbd.service.http.hub.prime.Application], contextInitializerClasses = [], activeProfiles = [], propertySourceDescriptors = [], propertySourceProperties = [&quot;org.springframework.boot.test.context.SpringBootTestContextBootstrapper=true&quot;, &quot;server.port=0&quot;], contextCustomizers = [org.springframework.boot.test.context.filter.ExcludeFilterContextCustomizer@4564e94b, org.springframework.boot.test.json.DuplicateJsonObjectContextCustomizerFactory$DuplicateJsonObjectContextCustomizer@69e308c6, org.springframework.boot.test.mock.mockito.MockitoContextCustomizer@0, org.springframework.boot.test.web.client.TestRestTemplateContextCustomizer@4cee7fa0, org.springframework.boot.test.web.reactive.server.WebTestClientContextCustomizer@73eb8672, org.springframework.boot.test.autoconfigure.actuate.observability.ObservabilityContextCustomizerFactory$DisableObservabilityContextCustomizer@1f, org.springframework.boot.test.autoconfigure.properties.PropertyMappingContextCustomizer@0, org.springframework.boot.test.autoconfigure.web.servlet.WebDriverContextCustomizer@2caf6912, org.springframework.boot.test.context.SpringBootTestAnnotation@b032529b], resourceBasePath = &quot;src/main/webapp&quot;, contextLoader = org.springframework.boot.test.context.SpringBootContextLoader, parent = null]
	at org.springframework.test.context.cache.DefaultCacheAwareContextLoaderDelegate.loadContext(DefaultCacheAwareContextLoaderDelegate.java:180)
	at org.springframework.test.context.support.DefaultTestContext.getApplicationContext(DefaultTestContext.java:130)
	at org.springframework.test.context.junit.jupiter.SpringExtension.getApplicationContext(SpringExtension.java:355)
	at org.springframework.test.context.junit.jupiter.SpringExtension.resolveParameter(SpringExtension.java:341)
	... 3 more
Caused by: java.lang.IllegalStateException: Error processing condition on org.techbd.udi.UdiPrimeJpaConfig.udiPrimaryDataSource
	at org.springframework.boot.autoconfigure.condition.SpringBootCondition.matches(SpringBootCondition.java:60)
	at org.springframework.context.annotation.ConditionEvaluator.shouldSkip(ConditionEvaluator.java:108)
	at org.springframework.context.annotation.ConfigurationClassBeanDefinitionReader.loadBeanDefinitionsForBeanMethod(ConfigurationClassBeanDefinitionReader.java:183)
	at org.springframework.context.annotation.ConfigurationClassBeanDefinitionReader.loadBeanDefinitionsForConfigurationClass(ConfigurationClassBeanDefinitionReader.java:144)
	at org.springframework.context.annotation.ConfigurationClassBeanDefinitionReader.loadBeanDefinitions(ConfigurationClassBeanDefinitionReader.java:120)
	at org.springframework.context.annotation.ConfigurationClassPostProcessor.processConfigBeanDefinitions(ConfigurationClassPostProcessor.java:429)
	at org.springframework.context.annotation.ConfigurationClassPostProcessor.postProcessBeanDefinitionRegistry(ConfigurationClassPostProcessor.java:290)
	at org.springframework.context.support.PostProcessorRegistrationDelegate.invokeBeanDefinitionRegistryPostProcessors(PostProcessorRegistrationDelegate.java:349)
	at org.springframework.context.support.PostProcessorRegistrationDelegate.invokeBeanFactoryPostProcessors(PostProcessorRegistrationDelegate.java:118)
	at org.springframework.context.support.AbstractApplicationContext.invokeBeanFactoryPostProcessors(AbstractApplicationContext.java:788)
	at org.springframework.context.support.AbstractApplicationContext.refresh(AbstractApplicationContext.java:606)
	at org.springframework.boot.web.servlet.context.ServletWebServerApplicationContext.refresh(ServletWebServerApplicationContext.java:146)
	at org.springframework.boot.SpringApplication.refresh(SpringApplication.java:754)
	at org.springframework.boot.SpringApplication.refreshContext(SpringApplication.java:456)
	at org.springframework.boot.SpringApplication.run(SpringApplication.java:335)
	at org.springframework.boot.test.context.SpringBootContextLoader.lambda$loadContext$3(SpringBootContextLoader.java:137)
	at org.springframework.util.function.ThrowingSupplier.get(ThrowingSupplier.java:58)
	at org.springframework.util.function.ThrowingSupplier.get(ThrowingSupplier.java:46)
	at org.springframework.boot.SpringApplication.withHook(SpringApplication.java:1463)
	at org.springframework.boot.test.context.SpringBootContextLoader$ContextLoaderHook.run(SpringBootContextLoader.java:553)
	at org.springframework.boot.test.context.SpringBootContextLoader.loadContext(SpringBootContextLoader.java:137)
	at org.springframework.boot.test.context.SpringBootContextLoader.loadContext(SpringBootContextLoader.java:108)
	at org.springframework.test.context.cache.DefaultCacheAwareContextLoaderDelegate.loadContextInternal(DefaultCacheAwareContextLoaderDelegate.java:225)
	at org.springframework.test.context.cache.DefaultCacheAwareContextLoaderDelegate.loadContext(DefaultCacheAwareContextLoaderDelegate.java:152)
	... 6 more
Caused by: java.lang.IllegalArgumentException: Could not resolve placeholder 'SPRING_PROFILES_ACTIVE' in value &quot;${SPRING_PROFILES_ACTIVE}_TECHBD_UDI_DS_PRIME_JDBC_URL:&quot;
	at org.springframework.util.PropertyPlaceholderHelper.parseStringValue(PropertyPlaceholderHelper.java:180)
	at org.springframework.util.PropertyPlaceholderHelper.parseStringValue(PropertyPlaceholderHelper.java:151)
	at org.springframework.util.PropertyPlaceholderHelper.replacePlaceholders(PropertyPlaceholderHelper.java:126)
	at org.springframework.core.env.AbstractPropertyResolver.doResolvePlaceholders(AbstractPropertyResolver.java:239)
	at org.springframework.core.env.AbstractPropertyResolver.resolveRequiredPlaceholders(AbstractPropertyResolver.java:210)
	at org.springframework.core.env.AbstractPropertyResolver.resolveNestedPlaceholders(AbstractPropertyResolver.java:230)
	at org.springframework.boot.context.properties.source.ConfigurationPropertySourcesPropertyResolver.getProperty(ConfigurationPropertySourcesPropertyResolver.java:80)
	at org.springframework.boot.context.properties.source.ConfigurationPropertySourcesPropertyResolver.getProperty(ConfigurationPropertySourcesPropertyResolver.java:61)
	at org.springframework.core.env.AbstractEnvironment.getProperty(AbstractEnvironment.java:552)
	at org.springframework.boot.autoconfigure.condition.OnPropertyCondition$Spec.collectProperties(OnPropertyCondition.java:121)
	at org.springframework.boot.autoconfigure.condition.OnPropertyCondition.determineOutcome(OnPropertyCondition.java:71)
	at org.springframework.boot.autoconfigure.condition.OnPropertyCondition.getMatchOutcome(OnPropertyCondition.java:58)
	at org.springframework.boot.autoconfigure.condition.SpringBootCondition.matches(SpringBootCondition.java:47)
	... 29 more
</pre></td>
<td>-</td></tr>
<tr class="b">
<td style="text-align: left;"><a href="#org.techbd.service.http.hub.prime.ApplicationTests.metaDataShouldReturnCapabilities"><img src="images/icon_error_sml.gif" /></a></td>
<td><a id="TC_org.techbd.service.http.hub.prime.ApplicationTests.metaDataShouldReturnCapabilities"></a><a href="#org.techbd.service.http.hub.prime.ApplicationTests.metaDataShouldReturnCapabilities">metaDataShouldReturnCapabilities</a>
<div class="detailToggle" style="display:inline"><a href="javascript:toggleDisplay('org.techbd.service.http.hub.prime.ApplicationTests.metaDataShouldReturnCapabilities');"><span style="display:inline;" id="org.techbd.service.http.hub.prime.ApplicationTests.metaDataShouldReturnCapabilities-off"> + </span><span style="display:none;" id="org.techbd.service.http.hub.prime.ApplicationTests.metaDataShouldReturnCapabilities-on"> - </span>[ Detail ]</a></div></td>
<td>0.001 s</td></tr>
<tr class="a">
<td style="text-align: left;">-</td>
<td>Failed to resolve parameter [final org.techbd.service.http.hub.prime.AppConfig appConfig] in constructor [public org.techbd.service.http.hub.prime.ApplicationTests(org.techbd.service.http.hub.prime.AppConfig)]: ApplicationContext failure threshold (1) exceeded: skipping repeated attempt to load context for [WebMergedContextConfiguration@5efe5b25 testClass = org.techbd.service.http.hub.prime.ApplicationTests, locations = [], classes = [org.techbd.service.http.hub.prime.Application], contextInitializerClasses = [], activeProfiles = [], propertySourceDescriptors = [], propertySourceProperties = [&quot;org.springframework.boot.test.context.SpringBootTestContextBootstrapper=true&quot;, &quot;server.port=0&quot;], contextCustomizers = [org.springframework.boot.test.context.filter.ExcludeFilterContextCustomizer@4564e94b, org.springframework.boot.test.json.DuplicateJsonObjectContextCustomizerFactory$DuplicateJsonObjectContextCustomizer@69e308c6, org.springframework.boot.test.mock.mockito.MockitoContextCustomizer@0, org.springframework.boot.test.web.client.TestRestTemplateContextCustomizer@4cee7fa0, org.springframework.boot.test.web.reactive.server.WebTestClientContextCustomizer@73eb8672, org.springframework.boot.test.autoconfigure.actuate.observability.ObservabilityContextCustomizerFactory$DisableObservabilityContextCustomizer@1f, org.springframework.boot.test.autoconfigure.properties.PropertyMappingContextCustomizer@0, org.springframework.boot.test.autoconfigure.web.servlet.WebDriverContextCustomizer@2caf6912, org.springframework.boot.test.context.SpringBootTestAnnotation@b032529b], resourceBasePath = &quot;src/main/webapp&quot;, contextLoader = org.springframework.boot.test.context.SpringBootContextLoader, parent = null]</td>
<td>-</td></tr>
<tr id="org.techbd.service.http.hub.prime.ApplicationTests.metaDataShouldReturnCapabilities-error" style="display:none;" class="b">
<td style="text-align: left;">-</td>
<td>
<pre>org.junit.jupiter.api.extension.ParameterResolutionException: Failed to resolve parameter [final org.techbd.service.http.hub.prime.AppConfig appConfig] in constructor [public org.techbd.service.http.hub.prime.ApplicationTests(org.techbd.service.http.hub.prime.AppConfig)]: ApplicationContext failure threshold (1) exceeded: skipping repeated attempt to load context for [WebMergedContextConfiguration@5efe5b25 testClass = org.techbd.service.http.hub.prime.ApplicationTests, locations = [], classes = [org.techbd.service.http.hub.prime.Application], contextInitializerClasses = [], activeProfiles = [], propertySourceDescriptors = [], propertySourceProperties = [&quot;org.springframework.boot.test.context.SpringBootTestContextBootstrapper=true&quot;, &quot;server.port=0&quot;], contextCustomizers = [org.springframework.boot.test.context.filter.ExcludeFilterContextCustomizer@4564e94b, org.springframework.boot.test.json.DuplicateJsonObjectContextCustomizerFactory$DuplicateJsonObjectContextCustomizer@69e308c6, org.springframework.boot.test.mock.mockito.MockitoContextCustomizer@0, org.springframework.boot.test.web.client.TestRestTemplateContextCustomizer@4cee7fa0, org.springframework.boot.test.web.reactive.server.WebTestClientContextCustomizer@73eb8672, org.springframework.boot.test.autoconfigure.actuate.observability.ObservabilityContextCustomizerFactory$DisableObservabilityContextCustomizer@1f, org.springframework.boot.test.autoconfigure.properties.PropertyMappingContextCustomizer@0, org.springframework.boot.test.autoconfigure.web.servlet.WebDriverContextCustomizer@2caf6912, org.springframework.boot.test.context.SpringBootTestAnnotation@b032529b], resourceBasePath = &quot;src/main/webapp&quot;, contextLoader = org.springframework.boot.test.context.SpringBootContextLoader, parent = null]
	at java.base/java.util.Optional.orElseGet(Optional.java:364)
	at java.base/java.util.ArrayList.forEach(ArrayList.java:1596)
	at java.base/java.util.ArrayList.forEach(ArrayList.java:1596)
Caused by: java.lang.IllegalStateException: ApplicationContext failure threshold (1) exceeded: skipping repeated attempt to load context for [WebMergedContextConfiguration@5efe5b25 testClass = org.techbd.service.http.hub.prime.ApplicationTests, locations = [], classes = [org.techbd.service.http.hub.prime.Application], contextInitializerClasses = [], activeProfiles = [], propertySourceDescriptors = [], propertySourceProperties = [&quot;org.springframework.boot.test.context.SpringBootTestContextBootstrapper=true&quot;, &quot;server.port=0&quot;], contextCustomizers = [org.springframework.boot.test.context.filter.ExcludeFilterContextCustomizer@4564e94b, org.springframework.boot.test.json.DuplicateJsonObjectContextCustomizerFactory$DuplicateJsonObjectContextCustomizer@69e308c6, org.springframework.boot.test.mock.mockito.MockitoContextCustomizer@0, org.springframework.boot.test.web.client.TestRestTemplateContextCustomizer@4cee7fa0, org.springframework.boot.test.web.reactive.server.WebTestClientContextCustomizer@73eb8672, org.springframework.boot.test.autoconfigure.actuate.observability.ObservabilityContextCustomizerFactory$DisableObservabilityContextCustomizer@1f, org.springframework.boot.test.autoconfigure.properties.PropertyMappingContextCustomizer@0, org.springframework.boot.test.autoconfigure.web.servlet.WebDriverContextCustomizer@2caf6912, org.springframework.boot.test.context.SpringBootTestAnnotation@b032529b], resourceBasePath = &quot;src/main/webapp&quot;, contextLoader = org.springframework.boot.test.context.SpringBootContextLoader, parent = null]
	at org.springframework.test.context.cache.DefaultCacheAwareContextLoaderDelegate.loadContext(DefaultCacheAwareContextLoaderDelegate.java:145)
	at org.springframework.test.context.support.DefaultTestContext.getApplicationContext(DefaultTestContext.java:130)
	at org.springframework.test.context.junit.jupiter.SpringExtension.getApplicationContext(SpringExtension.java:355)
	at org.springframework.test.context.junit.jupiter.SpringExtension.resolveParameter(SpringExtension.java:341)
	... 3 more
</pre></td>
<td>-</td></tr>
<tr class="a">
<td style="text-align: left;"><a href="#org.techbd.service.http.hub.prime.ApplicationTests.bundleValidateHealtheconnectionsUnhappyPath"><img src="images/icon_error_sml.gif" /></a></td>
<td><a id="TC_org.techbd.service.http.hub.prime.ApplicationTests.bundleValidateHealtheconnectionsUnhappyPath"></a><a href="#org.techbd.service.http.hub.prime.ApplicationTests.bundleValidateHealtheconnectionsUnhappyPath">bundleValidateHealtheconnectionsUnhappyPath</a>
<div class="detailToggle" style="display:inline"><a href="javascript:toggleDisplay('org.techbd.service.http.hub.prime.ApplicationTests.bundleValidateHealtheconnectionsUnhappyPath');"><span style="display:inline;" id="org.techbd.service.http.hub.prime.ApplicationTests.bundleValidateHealtheconnectionsUnhappyPath-off"> + </span><span style="display:none;" id="org.techbd.service.http.hub.prime.ApplicationTests.bundleValidateHealtheconnectionsUnhappyPath-on"> - </span>[ Detail ]</a></div></td>
<td>0.001 s</td></tr>
<tr class="b">
<td style="text-align: left;">-</td>
<td>Failed to resolve parameter [final org.techbd.service.http.hub.prime.AppConfig appConfig] in constructor [public org.techbd.service.http.hub.prime.ApplicationTests(org.techbd.service.http.hub.prime.AppConfig)]: ApplicationContext failure threshold (1) exceeded: skipping repeated attempt to load context for [WebMergedContextConfiguration@5efe5b25 testClass = org.techbd.service.http.hub.prime.ApplicationTests, locations = [], classes = [org.techbd.service.http.hub.prime.Application], contextInitializerClasses = [], activeProfiles = [], propertySourceDescriptors = [], propertySourceProperties = [&quot;org.springframework.boot.test.context.SpringBootTestContextBootstrapper=true&quot;, &quot;server.port=0&quot;], contextCustomizers = [org.springframework.boot.test.context.filter.ExcludeFilterContextCustomizer@4564e94b, org.springframework.boot.test.json.DuplicateJsonObjectContextCustomizerFactory$DuplicateJsonObjectContextCustomizer@69e308c6, org.springframework.boot.test.mock.mockito.MockitoContextCustomizer@0, org.springframework.boot.test.web.client.TestRestTemplateContextCustomizer@4cee7fa0, org.springframework.boot.test.web.reactive.server.WebTestClientContextCustomizer@73eb8672, org.springframework.boot.test.autoconfigure.actuate.observability.ObservabilityContextCustomizerFactory$DisableObservabilityContextCustomizer@1f, org.springframework.boot.test.autoconfigure.properties.PropertyMappingContextCustomizer@0, org.springframework.boot.test.autoconfigure.web.servlet.WebDriverContextCustomizer@2caf6912, org.springframework.boot.test.context.SpringBootTestAnnotation@b032529b], resourceBasePath = &quot;src/main/webapp&quot;, contextLoader = org.springframework.boot.test.context.SpringBootContextLoader, parent = null]</td>
<td>-</td></tr>
<tr id="org.techbd.service.http.hub.prime.ApplicationTests.bundleValidateHealtheconnectionsUnhappyPath-error" style="display:none;" class="a">
<td style="text-align: left;">-</td>
<td>
<pre>org.junit.jupiter.api.extension.ParameterResolutionException: Failed to resolve parameter [final org.techbd.service.http.hub.prime.AppConfig appConfig] in constructor [public org.techbd.service.http.hub.prime.ApplicationTests(org.techbd.service.http.hub.prime.AppConfig)]: ApplicationContext failure threshold (1) exceeded: skipping repeated attempt to load context for [WebMergedContextConfiguration@5efe5b25 testClass = org.techbd.service.http.hub.prime.ApplicationTests, locations = [], classes = [org.techbd.service.http.hub.prime.Application], contextInitializerClasses = [], activeProfiles = [], propertySourceDescriptors = [], propertySourceProperties = [&quot;org.springframework.boot.test.context.SpringBootTestContextBootstrapper=true&quot;, &quot;server.port=0&quot;], contextCustomizers = [org.springframework.boot.test.context.filter.ExcludeFilterContextCustomizer@4564e94b, org.springframework.boot.test.json.DuplicateJsonObjectContextCustomizerFactory$DuplicateJsonObjectContextCustomizer@69e308c6, org.springframework.boot.test.mock.mockito.MockitoContextCustomizer@0, org.springframework.boot.test.web.client.TestRestTemplateContextCustomizer@4cee7fa0, org.springframework.boot.test.web.reactive.server.WebTestClientContextCustomizer@73eb8672, org.springframework.boot.test.autoconfigure.actuate.observability.ObservabilityContextCustomizerFactory$DisableObservabilityContextCustomizer@1f, org.springframework.boot.test.autoconfigure.properties.PropertyMappingContextCustomizer@0, org.springframework.boot.test.autoconfigure.web.servlet.WebDriverContextCustomizer@2caf6912, org.springframework.boot.test.context.SpringBootTestAnnotation@b032529b], resourceBasePath = &quot;src/main/webapp&quot;, contextLoader = org.springframework.boot.test.context.SpringBootContextLoader, parent = null]
	at java.base/java.util.Optional.orElseGet(Optional.java:364)
	at java.base/java.util.ArrayList.forEach(ArrayList.java:1596)
	at java.base/java.util.ArrayList.forEach(ArrayList.java:1596)
Caused by: java.lang.IllegalStateException: ApplicationContext failure threshold (1) exceeded: skipping repeated attempt to load context for [WebMergedContextConfiguration@5efe5b25 testClass = org.techbd.service.http.hub.prime.ApplicationTests, locations = [], classes = [org.techbd.service.http.hub.prime.Application], contextInitializerClasses = [], activeProfiles = [], propertySourceDescriptors = [], propertySourceProperties = [&quot;org.springframework.boot.test.context.SpringBootTestContextBootstrapper=true&quot;, &quot;server.port=0&quot;], contextCustomizers = [org.springframework.boot.test.context.filter.ExcludeFilterContextCustomizer@4564e94b, org.springframework.boot.test.json.DuplicateJsonObjectContextCustomizerFactory$DuplicateJsonObjectContextCustomizer@69e308c6, org.springframework.boot.test.mock.mockito.MockitoContextCustomizer@0, org.springframework.boot.test.web.client.TestRestTemplateContextCustomizer@4cee7fa0, org.springframework.boot.test.web.reactive.server.WebTestClientContextCustomizer@73eb8672, org.springframework.boot.test.autoconfigure.actuate.observability.ObservabilityContextCustomizerFactory$DisableObservabilityContextCustomizer@1f, org.springframework.boot.test.autoconfigure.properties.PropertyMappingContextCustomizer@0, org.springframework.boot.test.autoconfigure.web.servlet.WebDriverContextCustomizer@2caf6912, org.springframework.boot.test.context.SpringBootTestAnnotation@b032529b], resourceBasePath = &quot;src/main/webapp&quot;, contextLoader = org.springframework.boot.test.context.SpringBootContextLoader, parent = null]
	at org.springframework.test.context.cache.DefaultCacheAwareContextLoaderDelegate.loadContext(DefaultCacheAwareContextLoaderDelegate.java:145)
	at org.springframework.test.context.support.DefaultTestContext.getApplicationContext(DefaultTestContext.java:130)
	at org.springframework.test.context.junit.jupiter.SpringExtension.getApplicationContext(SpringExtension.java:355)
	at org.springframework.test.context.junit.jupiter.SpringExtension.resolveParameter(SpringExtension.java:341)
	... 3 more
</pre></td>
<td>-</td></tr></table></section><section><a id="lib.aide.paths.PathsTest"></a>
<h2>PathsTest</h2>
<table class="table table-striped">
<tr class="a">
<td style="text-align: left;"><img src="images/icon_success_sml.gif" /></td>
<td><a id="TC_lib.aide.paths.PathsTest.testPopulateAndFindNodes"></a>testPopulateAndFindNodes</td>
<td>0.011 s</td></tr>
<tr class="b">
<td style="text-align: left;"><img src="images/icon_success_sml.gif" /></td>
<td><a id="TC_lib.aide.paths.PathsTest.testDescendants"></a>testDescendants</td>
<td>0.002 s</td></tr>
<tr class="a">
<td style="text-align: left;"><img src="images/icon_success_sml.gif" /></td>
<td><a id="TC_lib.aide.paths.PathsTest.testPathsHtml"></a>testPathsHtml</td>
<td>0.017 s</td></tr>
<tr class="b">
<td style="text-align: left;"><img src="images/icon_success_sml.gif" /></td>
<td><a id="TC_lib.aide.paths.PathsTest.testPathsJson"></a>testPathsJson</td>
<td>0.083 s</td></tr>
<tr class="a">
<td style="text-align: left;"><img src="images/icon_success_sml.gif" /></td>
<td><a id="TC_lib.aide.paths.PathsTest.testRelativePathResolution"></a>testRelativePathResolution</td>
<td>0.004 s</td></tr>
<tr class="b">
<td style="text-align: left;"><img src="images/icon_success_sml.gif" /></td>
<td><a id="TC_lib.aide.paths.PathsTest.testAncestors"></a>testAncestors</td>
<td>0.001 s</td></tr>
<tr class="a">
<td style="text-align: left;"><img src="images/icon_success_sml.gif" /></td>
<td><a id="TC_lib.aide.paths.PathsTest.testAsciiTree"></a>testAsciiTree</td>
<td>0.003 s</td></tr>
<tr class="b">
<td style="text-align: left;"><img src="images/icon_success_sml.gif" /></td>
<td><a id="TC_lib.aide.paths.PathsTest.testSiblings"></a>testSiblings</td>
<td>0.006 s</td></tr></table></section><section><a id="org.techbd.util.ArtifactStoreTest"></a>
<h2>ArtifactStoreTest</h2>
<table class="table table-striped">
<tr class="a">
<td style="text-align: left;"><img src="images/icon_success_sml.gif" /></td>
<td><a id="TC_org.techbd.util.ArtifactStoreTest.testInvalidJsonHandling"></a>testInvalidJsonHandling</td>
<td>0.014 s</td></tr>
<tr class="b">
<td style="text-align: left;"><img src="images/icon_success_sml.gif" /></td>
<td><a id="TC_org.techbd.util.ArtifactStoreTest.testSingleStrategyFromJson"></a>testSingleStrategyFromJson</td>
<td>0.009 s</td></tr>
<tr class="a">
<td style="text-align: left;"><img src="images/icon_success_sml.gif" /></td>
<td><a id="TC_org.techbd.util.ArtifactStoreTest.testUnknownNatureInJson"></a>testUnknownNatureInJson</td>
<td>0.001 s</td></tr>
<tr class="b">
<td style="text-align: left;"><img src="images/icon_success_sml.gif" /></td>
<td><a id="TC_org.techbd.util.ArtifactStoreTest.testAggregateStrategyFromJson"></a>testAggregateStrategyFromJson</td>
<td>0.002 s</td></tr></table></section><section><a id="org.techbd.util.JsonTextTest"></a>
<h2>JsonTextTest</h2>
<table class="table table-striped">
<tr class="a">
<td style="text-align: left;"><img src="images/icon_success_sml.gif" /></td>
<td><a id="TC_org.techbd.util.JsonTextTest.testValidTypedJson"></a>testValidTypedJson</td>
<td>0.004 s</td></tr>
<tr class="b">
<td style="text-align: left;"><img src="images/icon_success_sml.gif" /></td>
<td><a id="TC_org.techbd.util.JsonTextTest.testInvalidJson"></a>testInvalidJson</td>
<td>0.002 s</td></tr>
<tr class="a">
<td style="text-align: left;"><img src="images/icon_success_sml.gif" /></td>
<td><a id="TC_org.techbd.util.JsonTextTest.testSerializeNestedJson"></a>testSerializeNestedJson</td>
<td>0.174 s</td></tr>
<tr class="b">
<td style="text-align: left;"><img src="images/icon_success_sml.gif" /></td>
<td><a id="TC_org.techbd.util.JsonTextTest.testSerializeArrayJson"></a>testSerializeArrayJson</td>
<td>0.001 s</td></tr>
<tr class="a">
<td style="text-align: left;"><img src="images/icon_success_sml.gif" /></td>
<td><a id="TC_org.techbd.util.JsonTextTest.testSerializeEmptyJson"></a>testSerializeEmptyJson</td>
<td>0.001 s</td></tr>
<tr class="b">
<td style="text-align: left;"><img src="images/icon_success_sml.gif" /></td>
<td><a id="TC_org.techbd.util.JsonTextTest.testSerializeValidJson"></a>testSerializeValidJson</td>
<td>0 s</td></tr>
<tr class="a">
<td style="text-align: left;"><img src="images/icon_success_sml.gif" /></td>
<td><a id="TC_org.techbd.util.JsonTextTest.testSwitchMatcher"></a>testSwitchMatcher</td>
<td>0.010 s</td></tr>
<tr class="b">
<td style="text-align: left;"><img src="images/icon_success_sml.gif" /></td>
<td><a id="TC_org.techbd.util.JsonTextTest.testClassNotFound"></a>testClassNotFound</td>
<td>0 s</td></tr>
<tr class="a">
<td style="text-align: left;"><img src="images/icon_success_sml.gif" /></td>
<td><a id="TC_org.techbd.util.JsonTextTest.testSerializeInvalidJson"></a>testSerializeInvalidJson</td>
<td>0 s</td></tr>
<tr class="b">
<td style="text-align: left;"><img src="images/icon_success_sml.gif" /></td>
<td><a id="TC_org.techbd.util.JsonTextTest.testClassNotInstantiated"></a>testClassNotInstantiated</td>
<td>0 s</td></tr>
<tr class="a">
<td style="text-align: left;"><img src="images/icon_success_sml.gif" /></td>
<td><a id="TC_org.techbd.util.JsonTextTest.testValidUntypedJson"></a>testValidUntypedJson</td>
<td>0 s</td></tr></table></section><section><a id="lib.aide.resource.MarkdownResourceTest"></a>
<h2>MarkdownResourceTest</h2>
<table class="table table-striped">
<tr class="a">
<td style="text-align: left;"><img src="images/icon_success_sml.gif" /></td>
<td><a id="TC_lib.aide.resource.MarkdownResourceTest.testUntypedMarkdownContentWithJsonFrontmatter"></a>testUntypedMarkdownContentWithJsonFrontmatter</td>
<td>0.276 s</td></tr>
<tr class="b">
<td style="text-align: left;"><img src="images/icon_success_sml.gif" /></td>
<td><a id="TC_lib.aide.resource.MarkdownResourceTest.testMarkdownContentWithUnbalancedYamlFrontmatter"></a>testMarkdownContentWithUnbalancedYamlFrontmatter</td>
<td>0.004 s</td></tr>
<tr class="a">
<td style="text-align: left;"><img src="images/icon_success_sml.gif" /></td>
<td><a id="TC_lib.aide.resource.MarkdownResourceTest.testUntypedMarkdownContentWithYamlFrontmatter"></a>testUntypedMarkdownContentWithYamlFrontmatter</td>
<td>0.020 s</td></tr>
<tr class="b">
<td style="text-align: left;"><img src="images/icon_success_sml.gif" /></td>
<td><a id="TC_lib.aide.resource.MarkdownResourceTest.testMarkdownContentWithJsonFrontmatter"></a>testMarkdownContentWithJsonFrontmatter</td>
<td>0.021 s</td></tr>
<tr class="a">
<td style="text-align: left;"><img src="images/icon_success_sml.gif" /></td>
<td><a id="TC_lib.aide.resource.MarkdownResourceTest.testMarkdownContentWithoutFrontmatter"></a>testMarkdownContentWithoutFrontmatter</td>
<td>0.001 s</td></tr>
<tr class="b">
<td style="text-align: left;"><img src="images/icon_success_sml.gif" /></td>
<td><a id="TC_lib.aide.resource.MarkdownResourceTest.testMarkdownContentWithUnbalancedJsonFrontmatter"></a>testMarkdownContentWithUnbalancedJsonFrontmatter</td>
<td>0.001 s</td></tr>
<tr class="a">
<td style="text-align: left;"><img src="images/icon_success_sml.gif" /></td>
<td><a id="TC_lib.aide.resource.MarkdownResourceTest.testMarkdownContentWithYamlFrontmatter"></a>testMarkdownContentWithYamlFrontmatter</td>
<td>0.002 s</td></tr></table></section><section><a id="lib.aide.paths.PathSuffixesTest"></a>
<h2>PathSuffixesTest</h2>
<table class="table table-striped">
<tr class="a">
<td style="text-align: left;"><img src="images/icon_success_sml.gif" /></td>
<td><a id="TC_lib.aide.paths.PathSuffixesTest.givenMultipleSuffixesInSrc_thenReturnSuffixesInCorrectOrder"></a>givenMultipleSuffixesInSrc_thenReturnSuffixesInCorrectOrder</td>
<td>0.015 s</td></tr>
<tr class="b">
<td style="text-align: left;"><img src="images/icon_success_sml.gif" /></td>
<td><a id="TC_lib.aide.paths.PathSuffixesTest.givenNoDelimiterInSrc_thenReturnEmptySuffixes"></a>givenNoDelimiterInSrc_thenReturnEmptySuffixes</td>
<td>0.001 s</td></tr>
<tr class="a">
<td style="text-align: left;"><img src="images/icon_success_sml.gif" /></td>
<td><a id="TC_lib.aide.paths.PathSuffixesTest.givenNoSuffixes_thenReturnEmptySuffixesList"></a>givenNoSuffixes_thenReturnEmptySuffixesList</td>
<td>0.001 s</td></tr>
<tr class="b">
<td style="text-align: left;"><img src="images/icon_success_sml.gif" /></td>
<td><a id="TC_lib.aide.paths.PathSuffixesTest.givenSingleSuffixInSrc_thenReturnSingleSuffix"></a>givenSingleSuffixInSrc_thenReturnSingleSuffix</td>
<td>0.001 s</td></tr>
<tr class="a">
<td style="text-align: left;"><img src="images/icon_success_sml.gif" /></td>
<td><a id="TC_lib.aide.paths.PathSuffixesTest.givenNullSrc_thenThrowIllegalArgumentException"></a>givenNullSrc_thenThrowIllegalArgumentException</td>
<td>0.002 s</td></tr>
<tr class="b">
<td style="text-align: left;"><img src="images/icon_success_sml.gif" /></td>
<td><a id="TC_lib.aide.paths.PathSuffixesTest.givenEmptySrc_thenThrowIllegalArgumentException"></a>givenEmptySrc_thenThrowIllegalArgumentException</td>
<td>0.002 s</td></tr>
<tr class="a">
<td style="text-align: left;"><img src="images/icon_success_sml.gif" /></td>
<td><a id="TC_lib.aide.paths.PathSuffixesTest.givenCustomDelimiterAndMultipleSuffixes_thenReturnSuffixesInCorrectOrderInList"></a>givenCustomDelimiterAndMultipleSuffixes_thenReturnSuffixesInCorrectOrderInList</td>
<td>0.001 s</td></tr>
<tr class="b">
<td style="text-align: left;"><img src="images/icon_success_sml.gif" /></td>
<td><a id="TC_lib.aide.paths.PathSuffixesTest.givenCustomDelimiter_thenReturnSuffixes"></a>givenCustomDelimiter_thenReturnSuffixes</td>
<td>0 s</td></tr>
<tr class="a">
<td style="text-align: left;"><img src="images/icon_success_sml.gif" /></td>
<td><a id="TC_lib.aide.paths.PathSuffixesTest.givenMultipleSuffixes_thenReturnSuffixesInCorrectOrderInList"></a>givenMultipleSuffixes_thenReturnSuffixesInCorrectOrderInList</td>
<td>0.001 s</td></tr>
<tr class="b">
<td style="text-align: left;"><img src="images/icon_success_sml.gif" /></td>
<td><a id="TC_lib.aide.paths.PathSuffixesTest.givenOneSuffix_thenReturnSingleSuffixInList"></a>givenOneSuffix_thenReturnSingleSuffixInList</td>
<td>0.001 s</td></tr></table></section><section><a id="lib.aide.vfs.VfsIngressConsumerTest"></a>
<h2>VfsIngressConsumerTest</h2>
<table class="table table-striped">
<tr class="a">
<td style="text-align: left;"><img src="images/icon_success_sml.gif" /></td>
<td><a id="TC_lib.aide.vfs.VfsIngressConsumerTest.testVfsIngressConsumer"></a>testVfsIngressConsumer</td>
<td>0.205 s</td></tr></table></section><section><a id="org.techbd.orchestrate.fhir.OrchestrationEngineTest"></a>
<h2>OrchestrationEngineTest</h2>
<table class="table table-striped">
<tr class="a">
<td style="text-align: left;"><img src="images/icon_success_sml.gif" /></td>
<td><a id="TC_org.techbd.orchestrate.fhir.OrchestrationEngineTest.testOrchestrateSingleSession"></a>testOrchestrateSingleSession</td>
<td>0.317 s</td></tr>
<tr class="b">
<td style="text-align: left;"><img src="images/icon_success_sml.gif" /></td>
<td><a id="TC_org.techbd.orchestrate.fhir.OrchestrationEngineTest.testOrchestrateMultipleSessions"></a>testOrchestrateMultipleSessions</td>
<td>9.718 s</td></tr>
<tr class="a">
<td style="text-align: left;"><img src="images/icon_success_sml.gif" /></td>
<td><a id="TC_org.techbd.orchestrate.fhir.OrchestrationEngineTest.testValidationEngineCaching"></a>testValidationEngineCaching</td>
<td>0.086 s</td></tr></table></section><section><a id="org.techbd.util.InterpolateEngineTest"></a>
<h2>InterpolateEngineTest</h2>
<table class="table table-striped">
<tr class="a">
<td style="text-align: left;"><img src="images/icon_success_sml.gif" /></td>
<td><a id="TC_org.techbd.util.InterpolateEngineTest.testInterpolateFormattedFilePath"></a>testInterpolateFormattedFilePath</td>
<td>0.009 s</td></tr>
<tr class="b">
<td style="text-align: left;"><img src="images/icon_success_sml.gif" /></td>
<td><a id="TC_org.techbd.util.InterpolateEngineTest.testInterpolateCustomFunction"></a>testInterpolateCustomFunction</td>
<td>0.002 s</td></tr></table></section><br /></section><section><a id="Failure_Details"></a>
<h1>Failure Details</h1>
<p>[<a href="#Summary">Summary</a>] [<a href="#Package_List">Package List</a>] [<a href="#Test_Cases">Test Cases</a>]</p><br />
<table class="table table-striped">
<tr class="a">
<td style="text-align: left;"><img src="images/icon_error_sml.gif" /></td>
<td><a id="org.techbd.service.http.hub.prime.ApplicationTests.bundleValidateTestCase301WithMultiplEngines"></a>bundleValidateTestCase301WithMultiplEngines</td></tr>
<tr class="b">
<td style="text-align: left;">-</td>
<td>org.junit.jupiter.api.extension.ParameterResolutionException: Failed to resolve parameter [final org.techbd.service.http.hub.prime.AppConfig appConfig] in constructor [public org.techbd.service.http.hub.prime.ApplicationTests(org.techbd.service.http.hub.prime.AppConfig)]: Failed to load ApplicationContext for [WebMergedContextConfiguration@5efe5b25 testClass = org.techbd.service.http.hub.prime.ApplicationTests, locations = [], classes = [org.techbd.service.http.hub.prime.Application], contextInitializerClasses = [], activeProfiles = [], propertySourceDescriptors = [], propertySourceProperties = [&quot;org.springframework.boot.test.context.SpringBootTestContextBootstrapper=true&quot;, &quot;server.port=0&quot;], contextCustomizers = [org.springframework.boot.test.context.filter.ExcludeFilterContextCustomizer@4564e94b, org.springframework.boot.test.json.DuplicateJsonObjectContextCustomizerFactory$DuplicateJsonObjectContextCustomizer@69e308c6, org.springframework.boot.test.mock.mockito.MockitoContextCustomizer@0, org.springframework.boot.test.web.client.TestRestTemplateContextCustomizer@4cee7fa0, org.springframework.boot.test.web.reactive.server.WebTestClientContextCustomizer@73eb8672, org.springframework.boot.test.autoconfigure.actuate.observability.ObservabilityContextCustomizerFactory$DisableObservabilityContextCustomizer@1f, org.springframework.boot.test.autoconfigure.properties.PropertyMappingContextCustomizer@0, org.springframework.boot.test.autoconfigure.web.servlet.WebDriverContextCustomizer@2caf6912, org.springframework.boot.test.context.SpringBootTestAnnotation@b032529b], resourceBasePath = &quot;src/main/webapp&quot;, contextLoader = org.springframework.boot.test.context.SpringBootContextLoader, parent = null]</td></tr>
<tr class="a">
<td style="text-align: left;">-</td>
<td>
<div id="bundleValidateTestCase301WithMultiplEngines-error">org.techbd.service.http.hub.prime.ApplicationTests:</div></td></tr>
<tr class="b">
<td style="text-align: left;"><img src="images/icon_error_sml.gif" /></td>
<td><a id="org.techbd.service.http.hub.prime.ApplicationTests.metaDataShouldReturnCapabilities"></a>metaDataShouldReturnCapabilities</td></tr>
<tr class="a">
<td style="text-align: left;">-</td>
<td>org.junit.jupiter.api.extension.ParameterResolutionException: Failed to resolve parameter [final org.techbd.service.http.hub.prime.AppConfig appConfig] in constructor [public org.techbd.service.http.hub.prime.ApplicationTests(org.techbd.service.http.hub.prime.AppConfig)]: ApplicationContext failure threshold (1) exceeded: skipping repeated attempt to load context for [WebMergedContextConfiguration@5efe5b25 testClass = org.techbd.service.http.hub.prime.ApplicationTests, locations = [], classes = [org.techbd.service.http.hub.prime.Application], contextInitializerClasses = [], activeProfiles = [], propertySourceDescriptors = [], propertySourceProperties = [&quot;org.springframework.boot.test.context.SpringBootTestContextBootstrapper=true&quot;, &quot;server.port=0&quot;], contextCustomizers = [org.springframework.boot.test.context.filter.ExcludeFilterContextCustomizer@4564e94b, org.springframework.boot.test.json.DuplicateJsonObjectContextCustomizerFactory$DuplicateJsonObjectContextCustomizer@69e308c6, org.springframework.boot.test.mock.mockito.MockitoContextCustomizer@0, org.springframework.boot.test.web.client.TestRestTemplateContextCustomizer@4cee7fa0, org.springframework.boot.test.web.reactive.server.WebTestClientContextCustomizer@73eb8672, org.springframework.boot.test.autoconfigure.actuate.observability.ObservabilityContextCustomizerFactory$DisableObservabilityContextCustomizer@1f, org.springframework.boot.test.autoconfigure.properties.PropertyMappingContextCustomizer@0, org.springframework.boot.test.autoconfigure.web.servlet.WebDriverContextCustomizer@2caf6912, org.springframework.boot.test.context.SpringBootTestAnnotation@b032529b], resourceBasePath = &quot;src/main/webapp&quot;, contextLoader = org.springframework.boot.test.context.SpringBootContextLoader, parent = null]</td></tr>
<tr class="b">
<td style="text-align: left;">-</td>
<td>
<div id="metaDataShouldReturnCapabilities-error">org.techbd.service.http.hub.prime.ApplicationTests:</div></td></tr>
<tr class="a">
<td style="text-align: left;"><img src="images/icon_error_sml.gif" /></td>
<td><a id="org.techbd.service.http.hub.prime.ApplicationTests.bundleValidateHealtheconnectionsUnhappyPath"></a>bundleValidateHealtheconnectionsUnhappyPath</td></tr>
<tr class="b">
<td style="text-align: left;">-</td>
<td>org.junit.jupiter.api.extension.ParameterResolutionException: Failed to resolve parameter [final org.techbd.service.http.hub.prime.AppConfig appConfig] in constructor [public org.techbd.service.http.hub.prime.ApplicationTests(org.techbd.service.http.hub.prime.AppConfig)]: ApplicationContext failure threshold (1) exceeded: skipping repeated attempt to load context for [WebMergedContextConfiguration@5efe5b25 testClass = org.techbd.service.http.hub.prime.ApplicationTests, locations = [], classes = [org.techbd.service.http.hub.prime.Application], contextInitializerClasses = [], activeProfiles = [], propertySourceDescriptors = [], propertySourceProperties = [&quot;org.springframework.boot.test.context.SpringBootTestContextBootstrapper=true&quot;, &quot;server.port=0&quot;], contextCustomizers = [org.springframework.boot.test.context.filter.ExcludeFilterContextCustomizer@4564e94b, org.springframework.boot.test.json.DuplicateJsonObjectContextCustomizerFactory$DuplicateJsonObjectContextCustomizer@69e308c6, org.springframework.boot.test.mock.mockito.MockitoContextCustomizer@0, org.springframework.boot.test.web.client.TestRestTemplateContextCustomizer@4cee7fa0, org.springframework.boot.test.web.reactive.server.WebTestClientContextCustomizer@73eb8672, org.springframework.boot.test.autoconfigure.actuate.observability.ObservabilityContextCustomizerFactory$DisableObservabilityContextCustomizer@1f, org.springframework.boot.test.autoconfigure.properties.PropertyMappingContextCustomizer@0, org.springframework.boot.test.autoconfigure.web.servlet.WebDriverContextCustomizer@2caf6912, org.springframework.boot.test.context.SpringBootTestAnnotation@b032529b], resourceBasePath = &quot;src/main/webapp&quot;, contextLoader = org.springframework.boot.test.context.SpringBootContextLoader, parent = null]</td></tr>
<tr class="a">
<td style="text-align: left;">-</td>
<td>
<div id="bundleValidateHealtheconnectionsUnhappyPath-error">org.techbd.service.http.hub.prime.ApplicationTests:</div></td></tr></table><br /></section>
        </main>
      </div>
    </div>
    <hr/>
    <footer>
      <div class="container-fluid">
        <div class="row-fluid">
            <p>Â©      2024
</p>
        </div>
      </div>
    </footer>
<script>
  if(anchors) {
    anchors.add();
  }
</script>
  </body>
</html>
